// 文　リクエストログ
// load 時刻 : 2024/06/19 17:42:42

// 辞書ファイル読み込み
// - E:\cssp2.02.90\csspnew\ghost\helper\ghost\master\yaya_shiori3.dic
// - E:\cssp2.02.90\csspnew\ghost\helper\ghost\master\yaya_compatible.dic
// - E:\cssp2.02.90\csspnew\ghost\helper\ghost\master\dic/Word.dic
// - E:\cssp2.02.90\csspnew\ghost\helper\ghost\master\dic/AiTalk.dic
// - E:\cssp2.02.90\csspnew\ghost\helper\ghost\master\dic/Time.dic
// - E:\cssp2.02.90\csspnew\ghost\helper\ghost\master\dic/BootEnd.dic
// - E:\cssp2.02.90\csspnew\ghost\helper\ghost\master\dic/Communicate.dic
// - E:\cssp2.02.90\csspnew\ghost\helper\ghost\master\dic/Menu.dic
// - E:\cssp2.02.90\csspnew\ghost\helper\ghost\master\dic/React.dic
E:\cssp2.02.90\csspnew\ghost\helper\ghost\master\dic/React.dic(112) : error E0050 : 'when'ラベルに定数でない要素が記述されています.
// - E:\cssp2.02.90\csspnew\ghost\helper\ghost\master\dic/String.dic
// - E:\cssp2.02.90\csspnew\ghost\helper\ghost\master\dic/ToolTip.dic
// - E:\cssp2.02.90\csspnew\ghost\helper\ghost\master\dic/etc.dic
...完了.

// 辞書の構文解析と中間コード生成
...完了.

// 変数値の復元 - E:\cssp2.02.90\csspnew\ghost\helper\ghost\master\yaya_variable.cfg
...完了.

// unload 時刻 : 2024/06/19 17:44:35

